{"C:\\Users\\TAL\\Desktop\\jest_test\\db.js": {"path":"C:\\Users\\TAL\\Desktop\\jest_test\\db.js","statementMap":{"0":{"start":{"line":1,"column":14},"end":{"line":6,"column":1}},"1":{"start":{"line":7,"column":16},"end":{"line":14,"column":4}},"2":{"start":{"line":8,"column":2},"end":{"line":14,"column":4}},"3":{"start":{"line":9,"column":4},"end":{"line":13,"column":29}},"4":{"start":{"line":10,"column":19},"end":{"line":10,"column":57}},"5":{"start":{"line":10,"column":35},"end":{"line":10,"column":56}},"6":{"start":{"line":11,"column":6},"end":{"line":11,"column":50}},"7":{"start":{"line":11,"column":19},"end":{"line":11,"column":50}},"8":{"start":{"line":12,"column":6},"end":{"line":12,"column":29}},"9":{"start":{"line":16,"column":20},"end":{"line":20,"column":1}},"10":{"start":{"line":17,"column":2},"end":{"line":19,"column":6}},"11":{"start":{"line":18,"column":4},"end":{"line":18,"column":33}},"12":{"start":{"line":22,"column":14},"end":{"line":24,"column":1}},"13":{"start":{"line":23,"column":2},"end":{"line":23,"column":31}},"14":{"start":{"line":28,"column":0},"end":{"line":28,"column":48}}},"fnMap":{"0":{"name":"(anonymous_0)","decl":{"start":{"line":7,"column":16},"end":{"line":7,"column":17}},"loc":{"start":{"line":8,"column":2},"end":{"line":14,"column":4}},"line":8},"1":{"name":"(anonymous_1)","decl":{"start":{"line":8,"column":14},"end":{"line":8,"column":15}},"loc":{"start":{"line":8,"column":35},"end":{"line":14,"column":3}},"line":8},"2":{"name":"(anonymous_2)","decl":{"start":{"line":9,"column":15},"end":{"line":9,"column":16}},"loc":{"start":{"line":9,"column":21},"end":{"line":13,"column":5}},"line":9},"3":{"name":"(anonymous_3)","decl":{"start":{"line":10,"column":30},"end":{"line":10,"column":31}},"loc":{"start":{"line":10,"column":35},"end":{"line":10,"column":56}},"line":10},"4":{"name":"(anonymous_4)","decl":{"start":{"line":16,"column":20},"end":{"line":16,"column":21}},"loc":{"start":{"line":16,"column":42},"end":{"line":20,"column":1}},"line":16},"5":{"name":"(anonymous_5)","decl":{"start":{"line":17,"column":22},"end":{"line":17,"column":23}},"loc":{"start":{"line":17,"column":35},"end":{"line":19,"column":5}},"line":17},"6":{"name":"(anonymous_6)","decl":{"start":{"line":22,"column":14},"end":{"line":22,"column":15}},"loc":{"start":{"line":22,"column":22},"end":{"line":24,"column":1}},"line":22}},"branchMap":{"0":{"loc":{"start":{"line":11,"column":6},"end":{"line":11,"column":50}},"type":"if","locations":[{"start":{"line":11,"column":6},"end":{"line":11,"column":50}},{"start":{},"end":{}}],"line":11}},"s":{"0":1,"1":1,"2":0,"3":0,"4":0,"5":0,"6":0,"7":0,"8":0,"9":1,"10":0,"11":0,"12":1,"13":0,"14":1},"f":{"0":0,"1":0,"2":0,"3":0,"4":0,"5":0,"6":0},"b":{"0":[0,0]},"_coverageSchema":"1a1c01bbd47fc00a2c39e90264f33305004495a9","hash":"5f79f9b48f9b76b8fca6e81c8565e0d3e9a3e487"}
,"C:\\Users\\TAL\\Desktop\\jest_test\\email.js": {"path":"C:\\Users\\TAL\\Desktop\\jest_test\\email.js","statementMap":{"0":{"start":{"line":2,"column":17},"end":{"line":2,"column":49}},"1":{"start":{"line":5,"column":0},"end":{"line":5,"column":30}}},"fnMap":{"0":{"name":"sendEmail","decl":{"start":{"line":1,"column":9},"end":{"line":1,"column":18}},"loc":{"start":{"line":1,"column":38},"end":{"line":3,"column":1}},"line":1}},"branchMap":{},"s":{"0":0,"1":1},"f":{"0":0},"b":{},"_coverageSchema":"1a1c01bbd47fc00a2c39e90264f33305004495a9","hash":"f83f5b3e738722f5b07dcfedde7062160f1f6955"}
,"C:\\Users\\TAL\\Desktop\\jest_test\\util.js": {"path":"C:\\Users\\TAL\\Desktop\\jest_test\\util.js","statementMap":{"0":{"start":{"line":2,"column":12},"end":{"line":2,"column":27}},"1":{"start":{"line":2,"column":22},"end":{"line":2,"column":27}},"2":{"start":{"line":5,"column":17},"end":{"line":5,"column":42}},"3":{"start":{"line":5,"column":27},"end":{"line":5,"column":42}},"4":{"start":{"line":8,"column":15},"end":{"line":8,"column":50}},"5":{"start":{"line":8,"column":22},"end":{"line":8,"column":50}},"6":{"start":{"line":11,"column":12},"end":{"line":11,"column":26}},"7":{"start":{"line":15,"column":2},"end":{"line":17,"column":3}},"8":{"start":{"line":16,"column":4},"end":{"line":16,"column":52}},"9":{"start":{"line":22,"column":2},"end":{"line":22,"column":15}},"10":{"start":{"line":26,"column":11},"end":{"line":26,"column":26}},"11":{"start":{"line":28,"column":16},"end":{"line":34,"column":1}},"12":{"start":{"line":29,"column":16},"end":{"line":29,"column":28}},"13":{"start":{"line":30,"column":2},"end":{"line":32,"column":3}},"14":{"start":{"line":31,"column":4},"end":{"line":31,"column":37}},"15":{"start":{"line":33,"column":2},"end":{"line":33,"column":15}},"16":{"start":{"line":37,"column":27},"end":{"line":37,"column":43}},"17":{"start":{"line":39,"column":18},"end":{"line":42,"column":1}},"18":{"start":{"line":40,"column":15},"end":{"line":40,"column":49}},"19":{"start":{"line":41,"column":2},"end":{"line":41,"column":14}},"20":{"start":{"line":46,"column":14},"end":{"line":46,"column":32}},"21":{"start":{"line":48,"column":20},"end":{"line":56,"column":1}},"22":{"start":{"line":49,"column":2},"end":{"line":49,"column":54}},"23":{"start":{"line":49,"column":15},"end":{"line":49,"column":54}},"24":{"start":{"line":50,"column":14},"end":{"line":50,"column":15}},"25":{"start":{"line":51,"column":2},"end":{"line":51,"column":54}},"26":{"start":{"line":51,"column":30},"end":{"line":51,"column":52}},"27":{"start":{"line":52,"column":2},"end":{"line":52,"column":41}},"28":{"start":{"line":53,"column":15},"end":{"line":53,"column":39}},"29":{"start":{"line":54,"column":2},"end":{"line":54,"column":37}},"30":{"start":{"line":55,"column":2},"end":{"line":55,"column":96}},"31":{"start":{"line":58,"column":0},"end":{"line":68,"column":1}}},"fnMap":{"0":{"name":"(anonymous_0)","decl":{"start":{"line":2,"column":12},"end":{"line":2,"column":13}},"loc":{"start":{"line":2,"column":22},"end":{"line":2,"column":27}},"line":2},"1":{"name":"(anonymous_1)","decl":{"start":{"line":5,"column":17},"end":{"line":5,"column":18}},"loc":{"start":{"line":5,"column":27},"end":{"line":5,"column":42}},"line":5},"2":{"name":"(anonymous_2)","decl":{"start":{"line":8,"column":15},"end":{"line":8,"column":16}},"loc":{"start":{"line":8,"column":22},"end":{"line":8,"column":50}},"line":8},"3":{"name":"compileAndroidCode","decl":{"start":{"line":14,"column":9},"end":{"line":14,"column":27}},"loc":{"start":{"line":14,"column":30},"end":{"line":18,"column":1}},"line":14},"4":{"name":"getArray","decl":{"start":{"line":21,"column":15},"end":{"line":21,"column":23}},"loc":{"start":{"line":21,"column":26},"end":{"line":23,"column":1}},"line":21},"5":{"name":"(anonymous_5)","decl":{"start":{"line":28,"column":16},"end":{"line":28,"column":17}},"loc":{"start":{"line":28,"column":24},"end":{"line":34,"column":1}},"line":28},"6":{"name":"(anonymous_6)","decl":{"start":{"line":39,"column":18},"end":{"line":39,"column":19}},"loc":{"start":{"line":39,"column":30},"end":{"line":42,"column":1}},"line":39},"7":{"name":"(anonymous_7)","decl":{"start":{"line":48,"column":20},"end":{"line":48,"column":21}},"loc":{"start":{"line":48,"column":48},"end":{"line":56,"column":1}},"line":48},"8":{"name":"(anonymous_8)","decl":{"start":{"line":51,"column":19},"end":{"line":51,"column":20}},"loc":{"start":{"line":51,"column":30},"end":{"line":51,"column":52}},"line":51}},"branchMap":{"0":{"loc":{"start":{"line":8,"column":22},"end":{"line":8,"column":50}},"type":"cond-expr","locations":[{"start":{"line":8,"column":38},"end":{"line":8,"column":42}},{"start":{"line":8,"column":45},"end":{"line":8,"column":50}}],"line":8},"1":{"loc":{"start":{"line":15,"column":2},"end":{"line":17,"column":3}},"type":"if","locations":[{"start":{"line":15,"column":2},"end":{"line":17,"column":3}},{"start":{},"end":{}}],"line":15},"2":{"loc":{"start":{"line":30,"column":2},"end":{"line":32,"column":3}},"type":"if","locations":[{"start":{"line":30,"column":2},"end":{"line":32,"column":3}},{"start":{},"end":{}}],"line":30},"3":{"loc":{"start":{"line":49,"column":2},"end":{"line":49,"column":54}},"type":"if","locations":[{"start":{"line":49,"column":2},"end":{"line":49,"column":54}},{"start":{},"end":{}}],"line":49}},"s":{"0":1,"1":0,"2":1,"3":0,"4":1,"5":0,"6":1,"7":0,"8":0,"9":0,"10":1,"11":1,"12":0,"13":0,"14":0,"15":0,"16":1,"17":1,"18":0,"19":0,"20":1,"21":1,"22":0,"23":0,"24":0,"25":0,"26":0,"27":0,"28":0,"29":0,"30":0,"31":1},"f":{"0":0,"1":0,"2":0,"3":0,"4":0,"5":0,"6":0,"7":0,"8":0},"b":{"0":[0,0],"1":[0,0],"2":[0,0],"3":[0,0]},"_coverageSchema":"1a1c01bbd47fc00a2c39e90264f33305004495a9","hash":"41f1a4c25c10e33102326349959d1f14455a686a"}
}
